2025-12-05 21:42:16,462 - logger_service - INFO - Command - Categorize my inbox: Success for shivamthakurpvt@gmail.com
2025-12-05 21:42:17,068 - logger_service - ERROR - Gmail API - categorize: Failed for shivamthakurpvt@gmail.com - None
2025-12-05 21:42:17,072 - googleapiclient.discovery_cache - INFO - file_cache is only supported with oauth2client<4.0.0
2025-12-05 21:42:37,939 - logger_service - INFO - Gmail API - categorize: Success for shivamthakurpvt@gmail.com
2025-12-05 21:42:37,939 - logger_service - ERROR - AI Service - categorize_emails: Failed - None
2025-12-05 21:42:38,618 - logger_service - INFO - AI Service - categorize_emails: Success
2025-12-05 21:43:33,273 - logger_service - INFO - Command - give me today digest: Success for shivamthakurpvt@gmail.com
2025-12-05 21:43:33,898 - logger_service - ERROR - Command - daily_digest: Failed for shivamthakurpvt@gmail.com - None
2025-12-05 21:43:33,900 - googleapiclient.discovery_cache - INFO - file_cache is only supported with oauth2client<4.0.0
2025-12-05 21:43:59,456 - logger_service - ERROR - AI Service - daily_digest: Failed - None
2025-12-05 21:43:59,676 - logger_service - INFO - AI Service - daily_digest: Success
2025-12-05 21:43:59,676 - logger_service - INFO - Command - daily_digest: Success for shivamthakurpvt@gmail.com
2025-12-05 21:48:38,897 - logger_service - INFO - Command - today digest: Success for shivamthakurpvt@gmail.com
2025-12-05 21:48:39,096 - logger_service - ERROR - Command - daily_digest: Failed for shivamthakurpvt@gmail.com - None
2025-12-05 21:48:39,099 - googleapiclient.discovery_cache - INFO - file_cache is only supported with oauth2client<4.0.0
2025-12-05 21:48:54,737 - logger_service - ERROR - AI Service - daily_digest: Failed - None
2025-12-05 21:48:54,941 - logger_service - INFO - AI Service - daily_digest: Success
2025-12-05 21:48:54,941 - logger_service - INFO - Command - daily_digest: Success for shivamthakurpvt@gmail.com
2025-12-05 21:49:06,818 - logger_service - INFO - Command - today digets: Success for shivamthakurpvt@gmail.com
2025-12-05 21:49:14,627 - logger_service - INFO - Command - today digest: Success for shivamthakurpvt@gmail.com
2025-12-05 21:49:14,809 - logger_service - ERROR - Command - daily_digest: Failed for shivamthakurpvt@gmail.com - None
2025-12-05 21:49:14,811 - googleapiclient.discovery_cache - INFO - file_cache is only supported with oauth2client<4.0.0
2025-12-05 21:49:30,676 - logger_service - ERROR - AI Service - daily_digest: Failed - None
2025-12-05 21:49:30,883 - logger_service - INFO - AI Service - daily_digest: Success
2025-12-05 21:49:30,884 - logger_service - INFO - Command - daily_digest: Success for shivamthakurpvt@gmail.com
2025-12-05 21:52:03,377 - logger_service - INFO - Command - today digest: Success for shivamthakurpvt@gmail.com
2025-12-05 21:52:03,937 - logger_service - ERROR - Command - daily_digest: Failed for shivamthakurpvt@gmail.com - None
2025-12-05 21:52:03,941 - googleapiclient.discovery_cache - INFO - file_cache is only supported with oauth2client<4.0.0
2025-12-05 21:52:19,753 - logger_service - ERROR - AI Service - daily_digest: Failed - None
2025-12-05 21:52:20,046 - logger_service - INFO - AI Service - daily_digest: Success
2025-12-05 21:52:20,046 - logger_service - INFO - Command - daily_digest: Success for shivamthakurpvt@gmail.com
2025-12-05 21:57:36,868 - logger_service - INFO - Command - digest: Success for shivamthakurpvt@gmail.com
2025-12-05 21:57:37,390 - logger_service - ERROR - Command - daily_digest: Failed for shivamthakurpvt@gmail.com - None
2025-12-05 21:57:37,393 - googleapiclient.discovery_cache - INFO - file_cache is only supported with oauth2client<4.0.0
2025-12-05 21:57:52,944 - logger_service - ERROR - AI Service - daily_digest: Failed - None
2025-12-05 21:57:52,944 - logger_service - INFO - AI Service - daily_digest: Success
2025-12-05 21:57:52,944 - logger_service - INFO - Command - daily_digest: Success for shivamthakurpvt@gmail.com
2025-12-05 23:57:27,701 - googleapiclient.discovery_cache - INFO - file_cache is only supported with oauth2client<4.0.0
2025-12-05 23:59:09,107 - googleapiclient.discovery_cache - INFO - file_cache is only supported with oauth2client<4.0.0
2025-12-06 00:03:14,436 - googleapiclient.discovery_cache - INFO - file_cache is only supported with oauth2client<4.0.0
2025-12-06 00:05:10,583 - logger_service - INFO - Command - read emails: Success for shivamthakurpvt@gmail.com
2025-12-06 00:05:11,283 - googleapiclient.discovery_cache - INFO - file_cache is only supported with oauth2client<4.0.0
2025-12-06 00:05:11,889 - google_auth_httplib2 - INFO - Refreshing credentials due to a 401 response. Attempt 1/2.
2025-12-06 00:06:52,796 - logger_service - INFO - Command - read emails: Success for shivamthakurpvt@gmail.com
2025-12-06 00:06:53,594 - googleapiclient.discovery_cache - INFO - file_cache is only supported with oauth2client<4.0.0
2025-12-06 00:06:55,384 - google_auth_httplib2 - INFO - Refreshing credentials due to a 401 response. Attempt 1/2.
2025-12-06 00:07:09,748 - googleapiclient.discovery_cache - INFO - file_cache is only supported with oauth2client<4.0.0
2025-12-06 00:07:19,056 - logger_service - INFO - Command - read emails: Success for shivamthakurpvt@gmail.com
2025-12-06 00:07:19,586 - googleapiclient.discovery_cache - INFO - file_cache is only supported with oauth2client<4.0.0
2025-12-06 00:09:06,879 - logger_service - INFO - Command - digest: Success for shivamthakurpvt@gmail.com
2025-12-06 00:09:07,423 - logger_service - ERROR - Command - daily_digest: Failed for shivamthakurpvt@gmail.com - None
2025-12-06 00:09:07,425 - googleapiclient.discovery_cache - INFO - file_cache is only supported with oauth2client<4.0.0
2025-12-06 00:09:23,482 - logger_service - ERROR - AI Service - daily_digest: Failed - None
2025-12-06 00:09:23,483 - logger_service - INFO - AI Service - daily_digest: Success
2025-12-06 00:09:23,483 - logger_service - INFO - Command - daily_digest: Success for shivamthakurpvt@gmail.com
2025-12-06 00:10:24,863 - logger_service - INFO - Command - read emails: Success for shivamthakurpvt@gmail.com
2025-12-06 00:10:25,478 - googleapiclient.discovery_cache - INFO - file_cache is only supported with oauth2client<4.0.0
2025-12-06 00:10:42,952 - logger_service - INFO - Command - read emails: Success for shivamthakurpvt@gmail.com
2025-12-06 00:10:43,517 - googleapiclient.discovery_cache - INFO - file_cache is only supported with oauth2client<4.0.0
2025-12-06 00:15:05,350 - googleapiclient.discovery_cache - INFO - file_cache is only supported with oauth2client<4.0.0
2025-12-06 00:17:11,970 - googleapiclient.discovery_cache - INFO - file_cache is only supported with oauth2client<4.0.0
2025-12-06 00:20:14,541 - googleapiclient.discovery_cache - INFO - file_cache is only supported with oauth2client<4.0.0
2025-12-06 00:24:38,145 - googleapiclient.discovery_cache - INFO - file_cache is only supported with oauth2client<4.0.0
2025-12-06 00:28:20,862 - googleapiclient.discovery_cache - INFO - file_cache is only supported with oauth2client<4.0.0
2025-12-06 00:28:32,073 - logger_service - INFO - Command - read emails: Success for shivamthakurpvt@gmail.com
2025-12-06 00:28:32,928 - googleapiclient.discovery_cache - INFO - file_cache is only supported with oauth2client<4.0.0
